  main.cpp
C:\Users\vandr\OneDrive\Documentos\MeusRepositorios\Graphics\LearnGL\The OpenGL\_Src\main.cpp(232,35): warning C4244: '=': conversion from 'double' to 'T', possible loss of data
C:\Users\vandr\OneDrive\Documentos\MeusRepositorios\Graphics\LearnGL\The OpenGL\_Src\main.cpp(232,35): warning C4244:         with
C:\Users\vandr\OneDrive\Documentos\MeusRepositorios\Graphics\LearnGL\The OpenGL\_Src\main.cpp(232,35): warning C4244:         [
C:\Users\vandr\OneDrive\Documentos\MeusRepositorios\Graphics\LearnGL\The OpenGL\_Src\main.cpp(232,35): warning C4244:             T=float
C:\Users\vandr\OneDrive\Documentos\MeusRepositorios\Graphics\LearnGL\The OpenGL\_Src\main.cpp(232,35): warning C4244:         ]
C:\Users\vandr\OneDrive\Documentos\MeusRepositorios\Graphics\LearnGL\The OpenGL\_Src\main.cpp(233,35): warning C4244: '=': conversion from 'double' to 'T', possible loss of data
C:\Users\vandr\OneDrive\Documentos\MeusRepositorios\Graphics\LearnGL\The OpenGL\_Src\main.cpp(233,35): warning C4244:         with
C:\Users\vandr\OneDrive\Documentos\MeusRepositorios\Graphics\LearnGL\The OpenGL\_Src\main.cpp(233,35): warning C4244:         [
C:\Users\vandr\OneDrive\Documentos\MeusRepositorios\Graphics\LearnGL\The OpenGL\_Src\main.cpp(233,35): warning C4244:             T=float
C:\Users\vandr\OneDrive\Documentos\MeusRepositorios\Graphics\LearnGL\The OpenGL\_Src\main.cpp(233,35): warning C4244:         ]
C:\Users\vandr\OneDrive\Documentos\MeusRepositorios\Graphics\LearnGL\The OpenGL\_Src\main.cpp(262,45): warning C4459: declaration of 'width' hides global declaration
      C:\Users\vandr\OneDrive\Documentos\MeusRepositorios\Graphics\LearnGL\The OpenGL\_Src\main.cpp(16,15):
      see declaration of 'width'
  
C:\Users\vandr\OneDrive\Documentos\MeusRepositorios\Graphics\LearnGL\The OpenGL\_Src\main.cpp(262,56): warning C4459: declaration of 'height' hides global declaration
      C:\Users\vandr\OneDrive\Documentos\MeusRepositorios\Graphics\LearnGL\The OpenGL\_Src\main.cpp(17,15):
      see declaration of 'height'
  
C:\Users\vandr\OneDrive\Documentos\MeusRepositorios\Graphics\LearnGL\The OpenGL\_Src\main.cpp(293,48): warning C4100: 'xoffset': unreferenced parameter
C:\Users\vandr\OneDrive\Documentos\MeusRepositorios\Graphics\LearnGL\The OpenGL\_Src\main.cpp(293,33): warning C4100: 'window': unreferenced parameter
C:\Users\vandr\OneDrive\Documentos\MeusRepositorios\Graphics\LearnGL\The OpenGL\_Src\main.cpp(307,33): warning C4100: 'window': unreferenced parameter
  The OpenGL.vcxproj -> C:\Users\vandr\OneDrive\Documentos\MeusRepositorios\Graphics\LearnGL\x64\Debug\The OpenGL.exe
